# JRE version: Java(TM) SE Runtime Environment (17.0.7+8) (build 17.0.7+8-LTS-224)
# Java VM: Java HotSpot(TM) 64-Bit Server VM (17.0.7+8-LTS-224, mixed mode, sharing, tiered, compressed oops, compressed class ptrs, g1 gc, windows-amd64)
GC Precious Log:
 CPUs: 8 total, 8 available
 Memory: 16167M
 Large Page Support: Disabled
 NUMA Support: Disabled
 Compressed Oops: Enabled (Zero based)
 Heap Region Size: 2M
 Heap Min Capacity: 8M
 Heap Initial Capacity: 254M
 Heap Max Capacity: 4042M
 Pre-touch: Disabled
 Parallel Workers: 8
 Concurrent Workers: 2
 Concurrent Refinement Workers: 8
 Periodic GC: Disabled
Heap:
 garbage-first heap   total 75776K, used 49382K [0x0000000703600000, 0x0000000800000000)
  region size 2048K, 15 young (30720K), 2 survivors (4096K)
 Metaspace       used 63071K, committed 63552K, reserved 1105920K
  class space    used 8832K, committed 9088K, reserved 1048576K
GC Heap History (20 events):
Event: 2.122 GC heap before
{Heap before GC invocations=2 (full 0):
 garbage-first heap   total 260096K, used 56337K [0x0000000703600000, 0x0000000800000000)
  region size 2048K, 27 young (55296K), 2 survivors (4096K)
 Metaspace       used 21279K, committed 21504K, reserved 1073152K
  class space    used 2794K, committed 2880K, reserved 1048576K
}
Event: 2.128 GC heap after
{Heap after GC invocations=3 (full 0):
 garbage-first heap   total 260096K, used 13332K [0x0000000703600000, 0x0000000800000000)
  region size 2048K, 4 young (8192K), 4 survivors (8192K)
 Metaspace       used 21279K, committed 21504K, reserved 1073152K
  class space    used 2794K, committed 2880K, reserved 1048576K
}
Event: 2.645 GC heap before
{Heap before GC invocations=4 (full 0):
 garbage-first heap   total 61440K, used 42004K [0x0000000703600000, 0x0000000800000000)
  region size 2048K, 18 young (36864K), 4 survivors (8192K)
 Metaspace       used 25111K, committed 25408K, reserved 1073152K
  class space    used 3368K, committed 3520K, reserved 1048576K
}
Event: 2.652 GC heap after
{Heap after GC invocations=5 (full 0):
 garbage-first heap   total 61440K, used 14885K [0x0000000703600000, 0x0000000800000000)
  region size 2048K, 2 young (4096K), 2 survivors (4096K)
 Metaspace       used 25111K, committed 25408K, reserved 1073152K
  class space    used 3368K, committed 3520K, reserved 1048576K
}
Event: 2.702 GC heap before
{Heap before GC invocations=5 (full 0):
 garbage-first heap   total 61440K, used 16933K [0x0000000703600000, 0x0000000800000000)
  region size 2048K, 3 young (6144K), 2 survivors (4096K)
 Metaspace       used 25434K, committed 25664K, reserved 1073152K
  class space    used 3418K, committed 3520K, reserved 1048576K
}
Event: 2.707 GC heap after
{Heap after GC invocations=6 (full 0):
 garbage-first heap   total 61440K, used 15116K [0x0000000703600000, 0x0000000800000000)
  region size 2048K, 1 young (2048K), 1 survivors (2048K)
 Metaspace       used 25434K, committed 25664K, reserved 1073152K
  class space    used 3418K, committed 3520K, reserved 1048576K
}
Event: 3.213 GC heap before
{Heap before GC invocations=6 (full 0):
 garbage-first heap   total 61440K, used 37644K [0x0000000703600000, 0x0000000800000000)
  region size 2048K, 12 young (24576K), 1 survivors (2048K)
 Metaspace       used 29264K, committed 29568K, reserved 1081344K
  class space    used 3960K, committed 4096K, reserved 1048576K
}
Event: 3.223 GC heap after
{Heap after GC invocations=7 (full 0):
 garbage-first heap   total 61440K, used 16731K [0x0000000703600000, 0x0000000800000000)
  region size 2048K, 2 young (4096K), 2 survivors (4096K)
 Metaspace       used 29264K, committed 29568K, reserved 1081344K
  class space    used 3960K, committed 4096K, reserved 1048576K
}
Event: 3.778 GC heap before
{Heap before GC invocations=7 (full 0):
 garbage-first heap   total 61440K, used 39259K [0x0000000703600000, 0x0000000800000000)
  region size 2048K, 13 young (26624K), 2 survivors (4096K)
 Metaspace       used 35431K, committed 35840K, reserved 1081344K
  class space    used 4844K, committed 5056K, reserved 1048576K
}
Event: 3.784 GC heap after
{Heap after GC invocations=8 (full 0):
 garbage-first heap   total 161792K, used 18229K [0x0000000703600000, 0x0000000800000000)
  region size 2048K, 2 young (4096K), 2 survivors (4096K)
 Metaspace       used 35431K, committed 35840K, reserved 1081344K
  class space    used 4844K, committed 5056K, reserved 1048576K
}
Event: 3.810 GC heap before
{Heap before GC invocations=8 (full 0):
 garbage-first heap   total 161792K, used 18229K [0x0000000703600000, 0x0000000800000000)
  region size 2048K, 3 young (6144K), 2 survivors (4096K)
 Metaspace       used 35770K, committed 36096K, reserved 1081344K
  class space    used 4879K, committed 5056K, reserved 1048576K
}
Event: 3.815 GC heap after
{Heap after GC invocations=9 (full 0):
 garbage-first heap   total 161792K, used 18611K [0x0000000703600000, 0x0000000800000000)
  region size 2048K, 2 young (4096K), 2 survivors (4096K)
 Metaspace       used 35770K, committed 36096K, reserved 1081344K
  class space    used 4879K, committed 5056K, reserved 1048576K
}
Event: 4.746 GC heap before
{Heap before GC invocations=10 (full 0):
 garbage-first heap   total 75776K, used 59571K [0x0000000703600000, 0x0000000800000000)
  region size 2048K, 22 young (45056K), 2 survivors (4096K)
 Metaspace       used 49722K, committed 50112K, reserved 1097728K
  class space    used 6782K, committed 6976K, reserved 1048576K
}
Event: 4.756 GC heap after
{Heap after GC invocations=11 (full 0):
 garbage-first heap   total 75776K, used 21750K [0x0000000703600000, 0x0000000800000000)
  region size 2048K, 3 young (6144K), 3 survivors (6144K)
 Metaspace       used 49722K, committed 50112K, reserved 1097728K
  class space    used 6782K, committed 6976K, reserved 1048576K
}
Event: 4.785 GC heap before
{Heap before GC invocations=11 (full 0):
 garbage-first heap   total 75776K, used 23798K [0x0000000703600000, 0x0000000800000000)
  region size 2048K, 4 young (8192K), 3 survivors (6144K)
 Metaspace       used 50127K, committed 50496K, reserved 1097728K
  class space    used 6868K, committed 7040K, reserved 1048576K
}
Event: 4.793 GC heap after
{Heap after GC invocations=12 (full 0):
 garbage-first heap   total 75776K, used 22410K [0x0000000703600000, 0x0000000800000000)
  region size 2048K, 1 young (2048K), 1 survivors (2048K)
 Metaspace       used 50127K, committed 50496K, reserved 1097728K
  class space    used 6868K, committed 7040K, reserved 1048576K
}
Event: 5.446 GC heap before
{Heap before GC invocations=12 (full 0):
 garbage-first heap   total 75776K, used 55178K [0x0000000703600000, 0x0000000800000000)
  region size 2048K, 17 young (34816K), 1 survivors (2048K)
 Metaspace       used 57462K, committed 57856K, reserved 1105920K
  class space    used 7966K, committed 8192K, reserved 1048576K
}
Event: 5.452 GC heap after
{Heap after GC invocations=13 (full 0):
 garbage-first heap   total 75776K, used 23550K [0x0000000703600000, 0x0000000800000000)
  region size 2048K, 1 young (2048K), 1 survivors (2048K)
 Metaspace       used 57462K, committed 57856K, reserved 1105920K
  class space    used 7966K, committed 8192K, reserved 1048576K
}
Event: 5.777 GC heap before
{Heap before GC invocations=13 (full 0):
 garbage-first heap   total 75776K, used 41982K [0x0000000703600000, 0x0000000800000000)
  region size 2048K, 11 young (22528K), 1 survivors (2048K)
 Metaspace       used 60065K, committed 60480K, reserved 1105920K
  class space    used 8355K, committed 8576K, reserved 1048576K
}
Event: 5.786 GC heap after
{Heap after GC invocations=14 (full 0):
 garbage-first heap   total 75776K, used 24806K [0x0000000703600000, 0x0000000800000000)
  region size 2048K, 2 young (4096K), 2 survivors (4096K)
 Metaspace       used 60065K, committed 60480K, reserved 1105920K
  class space    used 8355K, committed 8576K, reserved 1048576K
}

